[2017-04-02 15:51:54.024] [INFO] http-connect - ::1 - - "GET / HTTP/1.1" 200 407 "" "Mozilla/5.0 (Windows NT 6.3; WOW64) AppleWebKit/537.36 (KHTML, like Gecko) Chrome/56.0.2924.87 Safari/537.36"
[2017-04-02 15:51:58.480] [INFO] http-connect - ::1 - - "GET /favicon.ico HTTP/1.1" 200 407 "http://localhost:3003/login" "Mozilla/5.0 (Windows NT 6.3; WOW64) AppleWebKit/537.36 (KHTML, like Gecko) Chrome/56.0.2924.87 Safari/537.36"
[2017-04-02 15:52:09.773] [INFO] http-connect - ::1 - - "GET /login HTTP/1.1" 200 407 "" "Mozilla/5.0 (Windows NT 6.3; WOW64) AppleWebKit/537.36 (KHTML, like Gecko) Chrome/56.0.2924.87 Safari/537.36"
[2017-04-02 15:52:10.193] [INFO] http-connect - ::1 - - "GET /favicon.ico HTTP/1.1" 200 407 "http://localhost:3003/login" "Mozilla/5.0 (Windows NT 6.3; WOW64) AppleWebKit/537.36 (KHTML, like Gecko) Chrome/56.0.2924.87 Safari/537.36"
[2017-04-02 15:53:00.969] [INFO] http-connect - ::1 - - "POST /login HTTP/1.1" 200 73 "http://localhost:3003/login" "Mozilla/5.0 (Windows NT 6.3; WOW64) AppleWebKit/537.36 (KHTML, like Gecko) Chrome/56.0.2924.87 Safari/537.36"
[2017-04-02 15:53:10.900] [WARN] http-connect - ::1 - - "GET /favicon.ico HTTP/1.1" 304 - "http://localhost:3003/signup" "Mozilla/5.0 (Windows NT 6.3; WOW64) AppleWebKit/537.36 (KHTML, like Gecko) Chrome/56.0.2924.87 Safari/537.36"
[2017-04-02 15:54:53.012] [INFO] http-connect - ::1 - - "GET /signup HTTP/1.1" 200 407 "" "Mozilla/5.0 (Windows NT 6.3; WOW64) AppleWebKit/537.36 (KHTML, like Gecko) Chrome/56.0.2924.87 Safari/537.36"
[2017-04-02 15:54:53.619] [WARN] http-connect - ::1 - - "GET /favicon.ico HTTP/1.1" 304 - "http://localhost:3003/signup" "Mozilla/5.0 (Windows NT 6.3; WOW64) AppleWebKit/537.36 (KHTML, like Gecko) Chrome/56.0.2924.87 Safari/537.36"
[2017-04-02 15:56:56.950] [WARN] http-connect - ::1 - - "GET /signup HTTP/1.1" 304 - "" "Mozilla/5.0 (Windows NT 6.3; WOW64) AppleWebKit/537.36 (KHTML, like Gecko) Chrome/56.0.2924.87 Safari/537.36"
[2017-04-02 15:56:57.546] [WARN] http-connect - ::1 - - "GET /favicon.ico HTTP/1.1" 304 - "http://localhost:3003/signup" "Mozilla/5.0 (Windows NT 6.3; WOW64) AppleWebKit/537.36 (KHTML, like Gecko) Chrome/56.0.2924.87 Safari/537.36"
[2017-04-02 16:01:07.299] [WARN] http-connect - ::1 - - "GET /signup HTTP/1.1" 304 - "" "Mozilla/5.0 (Windows NT 6.3; WOW64) AppleWebKit/537.36 (KHTML, like Gecko) Chrome/56.0.2924.87 Safari/537.36"
[2017-04-02 16:01:07.903] [WARN] http-connect - ::1 - - "GET /favicon.ico HTTP/1.1" 304 - "http://localhost:3003/signup" "Mozilla/5.0 (Windows NT 6.3; WOW64) AppleWebKit/537.36 (KHTML, like Gecko) Chrome/56.0.2924.87 Safari/537.36"
[2017-04-02 16:02:16.121] [WARN] http-connect - ::1 - - "GET /signup HTTP/1.1" 304 - "" "Mozilla/5.0 (Windows NT 6.3; WOW64) AppleWebKit/537.36 (KHTML, like Gecko) Chrome/56.0.2924.87 Safari/537.36"
[2017-04-02 16:02:16.864] [WARN] http-connect - ::1 - - "GET /favicon.ico HTTP/1.1" 304 - "http://localhost:3003/signup" "Mozilla/5.0 (Windows NT 6.3; WOW64) AppleWebKit/537.36 (KHTML, like Gecko) Chrome/56.0.2924.87 Safari/537.36"
[2017-04-02 16:02:25.682] [WARN] http-connect - ::1 - - "GET /signup HTTP/1.1" 304 - "" "Mozilla/5.0 (Windows NT 6.3; WOW64) AppleWebKit/537.36 (KHTML, like Gecko) Chrome/56.0.2924.87 Safari/537.36"
[2017-04-02 16:02:26.374] [WARN] http-connect - ::1 - - "GET /favicon.ico HTTP/1.1" 304 - "http://localhost:3003/signup" "Mozilla/5.0 (Windows NT 6.3; WOW64) AppleWebKit/537.36 (KHTML, like Gecko) Chrome/56.0.2924.87 Safari/537.36"
[2017-04-02 16:02:52.256] [INFO] http-connect - ::1 - - "POST /checkEmail HTTP/1.1" 200 44 "http://localhost:3003/signup" "Mozilla/5.0 (Windows NT 6.3; WOW64) AppleWebKit/537.36 (KHTML, like Gecko) Chrome/56.0.2924.87 Safari/537.36"
[2017-04-02 16:02:52.690] [INFO] http-connect - ::1 - - "POST /checkEmail HTTP/1.1" 200 44 "http://localhost:3003/signup" "Mozilla/5.0 (Windows NT 6.3; WOW64) AppleWebKit/537.36 (KHTML, like Gecko) Chrome/56.0.2924.87 Safari/537.36"
[2017-04-02 16:03:01.221] [INFO] http-connect - ::1 - - "POST /checkEmail HTTP/1.1" 200 44 "http://localhost:3003/signup" "Mozilla/5.0 (Windows NT 6.3; WOW64) AppleWebKit/537.36 (KHTML, like Gecko) Chrome/56.0.2924.87 Safari/537.36"
[2017-04-02 16:03:09.852] [INFO] http-connect - ::1 - - "POST /checkEmail HTTP/1.1" 200 44 "http://localhost:3003/signup" "Mozilla/5.0 (Windows NT 6.3; WOW64) AppleWebKit/537.36 (KHTML, like Gecko) Chrome/56.0.2924.87 Safari/537.36"
[2017-04-02 16:03:11.387] [INFO] http-connect - ::1 - - "POST /checkEmail HTTP/1.1" 200 44 "http://localhost:3003/signup" "Mozilla/5.0 (Windows NT 6.3; WOW64) AppleWebKit/537.36 (KHTML, like Gecko) Chrome/56.0.2924.87 Safari/537.36"
[2017-04-02 16:03:47.863] [WARN] http-connect - ::1 - - "GET /signup HTTP/1.1" 304 - "" "Mozilla/5.0 (Windows NT 6.3; WOW64) AppleWebKit/537.36 (KHTML, like Gecko) Chrome/56.0.2924.87 Safari/537.36"
[2017-04-02 16:03:48.554] [WARN] http-connect - ::1 - - "GET /favicon.ico HTTP/1.1" 304 - "http://localhost:3003/signup" "Mozilla/5.0 (Windows NT 6.3; WOW64) AppleWebKit/537.36 (KHTML, like Gecko) Chrome/56.0.2924.87 Safari/537.36"
[2017-04-02 16:03:57.377] [INFO] http-connect - ::1 - - "POST /checkEmail HTTP/1.1" 200 44 "http://localhost:3003/signup" "Mozilla/5.0 (Windows NT 6.3; WOW64) AppleWebKit/537.36 (KHTML, like Gecko) Chrome/56.0.2924.87 Safari/537.36"
[2017-04-02 16:04:28.894] [INFO] http-connect - ::1 - - "POST /checkEmail HTTP/1.1" 200 44 "http://localhost:3003/signup" "Mozilla/5.0 (Windows NT 6.3; WOW64) AppleWebKit/537.36 (KHTML, like Gecko) Chrome/56.0.2924.87 Safari/537.36"
[2017-04-02 16:43:49.143] [WARN] http-connect - ::1 - - "GET /signup HTTP/1.1" 304 - "" "Mozilla/5.0 (Windows NT 6.3; WOW64) AppleWebKit/537.36 (KHTML, like Gecko) Chrome/56.0.2924.87 Safari/537.36"
[2017-04-02 16:43:49.669] [WARN] http-connect - ::1 - - "GET /favicon.ico HTTP/1.1" 304 - "http://localhost:3003/signup" "Mozilla/5.0 (Windows NT 6.3; WOW64) AppleWebKit/537.36 (KHTML, like Gecko) Chrome/56.0.2924.87 Safari/537.36"
[2017-04-02 16:43:58.986] [INFO] http-connect - ::1 - - "POST /checkEmail HTTP/1.1" 200 15 "http://localhost:3003/signup" "Mozilla/5.0 (Windows NT 6.3; WOW64) AppleWebKit/537.36 (KHTML, like Gecko) Chrome/56.0.2924.87 Safari/537.36"
[2017-04-02 16:44:05.209] [INFO] http-connect - ::1 - - "POST /checkUsername HTTP/1.1" 200 15 "http://localhost:3003/signup" "Mozilla/5.0 (Windows NT 6.3; WOW64) AppleWebKit/537.36 (KHTML, like Gecko) Chrome/56.0.2924.87 Safari/537.36"
[2017-04-02 16:44:15.746] [INFO] http-connect - ::1 - - "POST /signup HTTP/1.1" 200 135 "http://localhost:3003/signup" "Mozilla/5.0 (Windows NT 6.3; WOW64) AppleWebKit/537.36 (KHTML, like Gecko) Chrome/56.0.2924.87 Safari/537.36"
[2017-04-02 16:44:16.636] [INFO] http-connect - ::1 - - "GET /favicon.ico HTTP/1.1" 200 453 "http://localhost:3003/rooms" "Mozilla/5.0 (Windows NT 6.3; WOW64) AppleWebKit/537.36 (KHTML, like Gecko) Chrome/56.0.2924.87 Safari/537.36"
[2017-04-02 16:45:27.648] [INFO] http-connect - ::1 - - "GET /rooms HTTP/1.1" 200 453 "" "Mozilla/5.0 (Windows NT 6.3; WOW64) AppleWebKit/537.36 (KHTML, like Gecko) Chrome/56.0.2924.87 Safari/537.36"
[2017-04-02 16:45:28.344] [WARN] http-connect - ::1 - - "GET /favicon.ico HTTP/1.1" 304 - "http://localhost:3003/rooms" "Mozilla/5.0 (Windows NT 6.3; WOW64) AppleWebKit/537.36 (KHTML, like Gecko) Chrome/56.0.2924.87 Safari/537.36"
[2017-04-02 16:46:36.203] [WARN] http-connect - ::1 - - "GET /rooms HTTP/1.1" 304 - "" "Mozilla/5.0 (Windows NT 6.3; WOW64) AppleWebKit/537.36 (KHTML, like Gecko) Chrome/56.0.2924.87 Safari/537.36"
[2017-04-02 16:46:36.982] [WARN] http-connect - ::1 - - "GET /favicon.ico HTTP/1.1" 304 - "http://localhost:3003/rooms" "Mozilla/5.0 (Windows NT 6.3; WOW64) AppleWebKit/537.36 (KHTML, like Gecko) Chrome/56.0.2924.87 Safari/537.36"
[2017-04-02 16:47:31.331] [WARN] http-connect - ::1 - - "GET /rooms HTTP/1.1" 304 - "" "Mozilla/5.0 (Windows NT 6.3; WOW64) AppleWebKit/537.36 (KHTML, like Gecko) Chrome/56.0.2924.87 Safari/537.36"
[2017-04-02 16:47:32.094] [WARN] http-connect - ::1 - - "GET /favicon.ico HTTP/1.1" 304 - "http://localhost:3003/rooms" "Mozilla/5.0 (Windows NT 6.3; WOW64) AppleWebKit/537.36 (KHTML, like Gecko) Chrome/56.0.2924.87 Safari/537.36"
[2017-04-02 16:48:30.923] [WARN] http-connect - ::1 - - "GET /rooms HTTP/1.1" 304 - "" "Mozilla/5.0 (Windows NT 6.3; WOW64) AppleWebKit/537.36 (KHTML, like Gecko) Chrome/56.0.2924.87 Safari/537.36"
[2017-04-02 16:48:31.681] [WARN] http-connect - ::1 - - "GET /favicon.ico HTTP/1.1" 304 - "http://localhost:3003/rooms" "Mozilla/5.0 (Windows NT 6.3; WOW64) AppleWebKit/537.36 (KHTML, like Gecko) Chrome/56.0.2924.87 Safari/537.36"
[2017-04-02 16:48:56.221] [WARN] http-connect - ::1 - - "GET /rooms HTTP/1.1" 304 - "" "Mozilla/5.0 (Windows NT 6.3; WOW64) AppleWebKit/537.36 (KHTML, like Gecko) Chrome/56.0.2924.87 Safari/537.36"
[2017-04-02 16:48:57.053] [WARN] http-connect - ::1 - - "GET /favicon.ico HTTP/1.1" 304 - "http://localhost:3003/rooms" "Mozilla/5.0 (Windows NT 6.3; WOW64) AppleWebKit/537.36 (KHTML, like Gecko) Chrome/56.0.2924.87 Safari/537.36"
[2017-04-02 17:06:43.587] [WARN] http-connect - ::1 - - "GET /rooms HTTP/1.1" 304 - "" "Mozilla/5.0 (Windows NT 6.3; WOW64) AppleWebKit/537.36 (KHTML, like Gecko) Chrome/56.0.2924.87 Safari/537.36"
[2017-04-02 17:06:44.329] [WARN] http-connect - ::1 - - "GET /favicon.ico HTTP/1.1" 304 - "http://localhost:3003/rooms" "Mozilla/5.0 (Windows NT 6.3; WOW64) AppleWebKit/537.36 (KHTML, like Gecko) Chrome/56.0.2924.87 Safari/537.36"
[2017-04-02 17:08:38.650] [WARN] http-connect - ::1 - - "GET /rooms HTTP/1.1" 304 - "" "Mozilla/5.0 (Windows NT 6.3; WOW64) AppleWebKit/537.36 (KHTML, like Gecko) Chrome/56.0.2924.87 Safari/537.36"
[2017-04-02 17:08:39.472] [WARN] http-connect - ::1 - - "GET /favicon.ico HTTP/1.1" 304 - "http://localhost:3003/rooms" "Mozilla/5.0 (Windows NT 6.3; WOW64) AppleWebKit/537.36 (KHTML, like Gecko) Chrome/56.0.2924.87 Safari/537.36"
[2017-04-02 17:13:50.370] [WARN] http-connect - ::1 - - "GET /rooms HTTP/1.1" 304 - "" "Mozilla/5.0 (Windows NT 6.3; WOW64) AppleWebKit/537.36 (KHTML, like Gecko) Chrome/56.0.2924.87 Safari/537.36"
[2017-04-02 17:13:51.212] [WARN] http-connect - ::1 - - "GET /favicon.ico HTTP/1.1" 304 - "http://localhost:3003/rooms" "Mozilla/5.0 (Windows NT 6.3; WOW64) AppleWebKit/537.36 (KHTML, like Gecko) Chrome/56.0.2924.87 Safari/537.36"
[2017-04-02 17:23:08.350] [WARN] http-connect - ::1 - - "GET /rooms HTTP/1.1" 304 - "" "Mozilla/5.0 (Windows NT 6.3; WOW64) AppleWebKit/537.36 (KHTML, like Gecko) Chrome/56.0.2924.87 Safari/537.36"
[2017-04-02 17:23:09.189] [WARN] http-connect - ::1 - - "GET /favicon.ico HTTP/1.1" 304 - "http://localhost:3003/rooms" "Mozilla/5.0 (Windows NT 6.3; WOW64) AppleWebKit/537.36 (KHTML, like Gecko) Chrome/56.0.2924.87 Safari/537.36"
[2017-04-02 17:28:16.316] [WARN] http-connect - ::1 - - "GET /rooms HTTP/1.1" 304 - "" "Mozilla/5.0 (Windows NT 6.3; WOW64) AppleWebKit/537.36 (KHTML, like Gecko) Chrome/56.0.2924.87 Safari/537.36"
[2017-04-02 17:28:17.074] [WARN] http-connect - ::1 - - "GET /favicon.ico HTTP/1.1" 304 - "http://localhost:3003/rooms" "Mozilla/5.0 (Windows NT 6.3; WOW64) AppleWebKit/537.36 (KHTML, like Gecko) Chrome/56.0.2924.87 Safari/537.36"
[2017-04-02 17:29:47.025] [WARN] http-connect - ::1 - - "GET /rooms HTTP/1.1" 304 - "" "Mozilla/5.0 (Windows NT 6.3; WOW64) AppleWebKit/537.36 (KHTML, like Gecko) Chrome/56.0.2924.87 Safari/537.36"
[2017-04-02 17:29:47.738] [WARN] http-connect - ::1 - - "GET /favicon.ico HTTP/1.1" 304 - "http://localhost:3003/rooms" "Mozilla/5.0 (Windows NT 6.3; WOW64) AppleWebKit/537.36 (KHTML, like Gecko) Chrome/56.0.2924.87 Safari/537.36"
[2017-04-02 17:30:56.481] [WARN] http-connect - ::1 - - "GET /rooms HTTP/1.1" 304 - "" "Mozilla/5.0 (Windows NT 6.3; WOW64) AppleWebKit/537.36 (KHTML, like Gecko) Chrome/56.0.2924.87 Safari/537.36"
[2017-04-02 17:30:57.186] [WARN] http-connect - ::1 - - "GET /favicon.ico HTTP/1.1" 304 - "http://localhost:3003/rooms" "Mozilla/5.0 (Windows NT 6.3; WOW64) AppleWebKit/537.36 (KHTML, like Gecko) Chrome/56.0.2924.87 Safari/537.36"
[2017-04-02 17:31:32.681] [WARN] http-connect - ::1 - - "GET /rooms HTTP/1.1" 304 - "" "Mozilla/5.0 (Windows NT 6.3; WOW64) AppleWebKit/537.36 (KHTML, like Gecko) Chrome/56.0.2924.87 Safari/537.36"
[2017-04-02 17:31:33.404] [WARN] http-connect - ::1 - - "GET /favicon.ico HTTP/1.1" 304 - "http://localhost:3003/rooms" "Mozilla/5.0 (Windows NT 6.3; WOW64) AppleWebKit/537.36 (KHTML, like Gecko) Chrome/56.0.2924.87 Safari/537.36"
[2017-04-02 17:32:32.415] [WARN] http-connect - ::1 - - "GET /rooms HTTP/1.1" 304 - "" "Mozilla/5.0 (Windows NT 6.3; WOW64) AppleWebKit/537.36 (KHTML, like Gecko) Chrome/56.0.2924.87 Safari/537.36"
[2017-04-02 17:32:33.120] [WARN] http-connect - ::1 - - "GET /favicon.ico HTTP/1.1" 304 - "http://localhost:3003/rooms" "Mozilla/5.0 (Windows NT 6.3; WOW64) AppleWebKit/537.36 (KHTML, like Gecko) Chrome/56.0.2924.87 Safari/537.36"
[2017-04-02 17:32:55.528] [WARN] http-connect - ::1 - - "GET /rooms HTTP/1.1" 304 - "" "Mozilla/5.0 (Windows NT 6.3; WOW64) AppleWebKit/537.36 (KHTML, like Gecko) Chrome/56.0.2924.87 Safari/537.36"
[2017-04-02 17:32:56.287] [WARN] http-connect - ::1 - - "GET /favicon.ico HTTP/1.1" 304 - "http://localhost:3003/rooms" "Mozilla/5.0 (Windows NT 6.3; WOW64) AppleWebKit/537.36 (KHTML, like Gecko) Chrome/56.0.2924.87 Safari/537.36"
[2017-04-02 17:41:12.951] [WARN] http-connect - ::1 - - "GET /rooms HTTP/1.1" 304 - "" "Mozilla/5.0 (Windows NT 6.3; WOW64) AppleWebKit/537.36 (KHTML, like Gecko) Chrome/56.0.2924.87 Safari/537.36"
[2017-04-02 17:41:13.666] [WARN] http-connect - ::1 - - "GET /favicon.ico HTTP/1.1" 304 - "http://localhost:3003/rooms" "Mozilla/5.0 (Windows NT 6.3; WOW64) AppleWebKit/537.36 (KHTML, like Gecko) Chrome/56.0.2924.87 Safari/537.36"
[2017-04-02 17:44:41.023] [WARN] http-connect - ::1 - - "GET /rooms HTTP/1.1" 304 - "" "Mozilla/5.0 (Windows NT 6.3; WOW64) AppleWebKit/537.36 (KHTML, like Gecko) Chrome/56.0.2924.87 Safari/537.36"
[2017-04-02 17:44:41.756] [WARN] http-connect - ::1 - - "GET /favicon.ico HTTP/1.1" 304 - "http://localhost:3003/rooms" "Mozilla/5.0 (Windows NT 6.3; WOW64) AppleWebKit/537.36 (KHTML, like Gecko) Chrome/56.0.2924.87 Safari/537.36"
[2017-04-02 17:44:58.529] [WARN] http-connect - ::1 - - "GET /rooms HTTP/1.1" 304 - "" "Mozilla/5.0 (Windows NT 6.3; WOW64) AppleWebKit/537.36 (KHTML, like Gecko) Chrome/56.0.2924.87 Safari/537.36"
[2017-04-02 17:44:59.302] [WARN] http-connect - ::1 - - "GET /favicon.ico HTTP/1.1" 304 - "http://localhost:3003/rooms" "Mozilla/5.0 (Windows NT 6.3; WOW64) AppleWebKit/537.36 (KHTML, like Gecko) Chrome/56.0.2924.87 Safari/537.36"
[2017-04-02 17:45:57.597] [WARN] http-connect - ::1 - - "GET /rooms HTTP/1.1" 304 - "" "Mozilla/5.0 (Windows NT 6.3; WOW64) AppleWebKit/537.36 (KHTML, like Gecko) Chrome/56.0.2924.87 Safari/537.36"
[2017-04-02 17:45:58.448] [WARN] http-connect - ::1 - - "GET /favicon.ico HTTP/1.1" 304 - "http://localhost:3003/rooms" "Mozilla/5.0 (Windows NT 6.3; WOW64) AppleWebKit/537.36 (KHTML, like Gecko) Chrome/56.0.2924.87 Safari/537.36"
[2017-04-02 17:46:52.329] [WARN] http-connect - ::1 - - "GET /rooms HTTP/1.1" 304 - "" "Mozilla/5.0 (Windows NT 6.3; WOW64) AppleWebKit/537.36 (KHTML, like Gecko) Chrome/56.0.2924.87 Safari/537.36"
[2017-04-02 17:46:53.024] [WARN] http-connect - ::1 - - "GET /favicon.ico HTTP/1.1" 304 - "http://localhost:3003/rooms" "Mozilla/5.0 (Windows NT 6.3; WOW64) AppleWebKit/537.36 (KHTML, like Gecko) Chrome/56.0.2924.87 Safari/537.36"
[2017-04-02 17:54:32.553] [WARN] http-connect - ::1 - - "GET /rooms HTTP/1.1" 304 - "" "Mozilla/5.0 (Windows NT 6.3; WOW64) AppleWebKit/537.36 (KHTML, like Gecko) Chrome/56.0.2924.87 Safari/537.36"
[2017-04-02 17:54:33.246] [WARN] http-connect - ::1 - - "GET /favicon.ico HTTP/1.1" 304 - "http://localhost:3003/rooms" "Mozilla/5.0 (Windows NT 6.3; WOW64) AppleWebKit/537.36 (KHTML, like Gecko) Chrome/56.0.2924.87 Safari/537.36"
[2017-04-02 17:55:06.773] [WARN] http-connect - ::1 - - "GET /favicon.ico HTTP/1.1" 304 - "http://localhost:3003/room/58e0ca642352c527d09fb6a4" "Mozilla/5.0 (Windows NT 6.3; WOW64) AppleWebKit/537.36 (KHTML, like Gecko) Chrome/56.0.2924.87 Safari/537.36"
[2017-04-02 17:57:05.909] [INFO] http-connect - ::1 - - "GET /room/58e0ca642352c527d09fb6a4 HTTP/1.1" 200 453 "" "Mozilla/5.0 (Windows NT 6.3; WOW64) AppleWebKit/537.36 (KHTML, like Gecko) Chrome/56.0.2924.87 Safari/537.36"
[2017-04-02 17:57:06.734] [WARN] http-connect - ::1 - - "GET /favicon.ico HTTP/1.1" 304 - "http://localhost:3003/rooms" "Mozilla/5.0 (Windows NT 6.3; WOW64) AppleWebKit/537.36 (KHTML, like Gecko) Chrome/56.0.2924.87 Safari/537.36"
[2017-04-02 17:57:17.322] [WARN] http-connect - ::1 - - "GET /favicon.ico HTTP/1.1" 304 - "http://localhost:3003/room/58e0ca642352c527d09fb6a4" "Mozilla/5.0 (Windows NT 6.3; WOW64) AppleWebKit/537.36 (KHTML, like Gecko) Chrome/56.0.2924.87 Safari/537.36"
[2017-04-02 17:57:22.091] [WARN] http-connect - ::1 - - "GET /favicon.ico HTTP/1.1" 304 - "http://localhost:3003/rooms" "Mozilla/5.0 (Windows NT 6.3; WOW64) AppleWebKit/537.36 (KHTML, like Gecko) Chrome/56.0.2924.87 Safari/537.36"
[2017-04-02 17:57:23.610] [WARN] http-connect - ::1 - - "GET /favicon.ico HTTP/1.1" 304 - "http://localhost:3003/room/58e0ca642352c527d09fb6a4" "Mozilla/5.0 (Windows NT 6.3; WOW64) AppleWebKit/537.36 (KHTML, like Gecko) Chrome/56.0.2924.87 Safari/537.36"
[2017-04-02 17:58:38.247] [WARN] http-connect - ::1 - - "GET /room/58e0ca642352c527d09fb6a4 HTTP/1.1" 304 - "" "Mozilla/5.0 (Windows NT 6.3; WOW64) AppleWebKit/537.36 (KHTML, like Gecko) Chrome/56.0.2924.87 Safari/537.36"
[2017-04-02 17:58:38.961] [WARN] http-connect - ::1 - - "GET /favicon.ico HTTP/1.1" 304 - "http://localhost:3003/rooms" "Mozilla/5.0 (Windows NT 6.3; WOW64) AppleWebKit/537.36 (KHTML, like Gecko) Chrome/56.0.2924.87 Safari/537.36"
[2017-04-02 17:58:46.053] [WARN] http-connect - ::1 - - "GET /favicon.ico HTTP/1.1" 304 - "http://localhost:3003/room/58e0ca642352c527d09fb6a4" "Mozilla/5.0 (Windows NT 6.3; WOW64) AppleWebKit/537.36 (KHTML, like Gecko) Chrome/56.0.2924.87 Safari/537.36"
[2017-04-02 17:58:54.891] [WARN] http-connect - ::1 - - "GET /favicon.ico HTTP/1.1" 304 - "http://localhost:3003/rooms" "Mozilla/5.0 (Windows NT 6.3; WOW64) AppleWebKit/537.36 (KHTML, like Gecko) Chrome/56.0.2924.87 Safari/537.36"
[2017-04-02 17:59:14.192] [WARN] http-connect - ::1 - - "GET /rooms HTTP/1.1" 304 - "" "Mozilla/5.0 (Windows NT 6.3; WOW64) AppleWebKit/537.36 (KHTML, like Gecko) Chrome/56.0.2924.87 Safari/537.36"
[2017-04-02 17:59:15.098] [WARN] http-connect - ::1 - - "GET /favicon.ico HTTP/1.1" 304 - "http://localhost:3003/rooms" "Mozilla/5.0 (Windows NT 6.3; WOW64) AppleWebKit/537.36 (KHTML, like Gecko) Chrome/56.0.2924.87 Safari/537.36"
[2017-04-02 17:59:16.259] [WARN] http-connect - ::1 - - "GET /favicon.ico HTTP/1.1" 304 - "http://localhost:3003/room/58e0ca642352c527d09fb6a4" "Mozilla/5.0 (Windows NT 6.3; WOW64) AppleWebKit/537.36 (KHTML, like Gecko) Chrome/56.0.2924.87 Safari/537.36"
[2017-04-02 17:59:17.494] [WARN] http-connect - ::1 - - "GET /favicon.ico HTTP/1.1" 304 - "http://localhost:3003/rooms" "Mozilla/5.0 (Windows NT 6.3; WOW64) AppleWebKit/537.36 (KHTML, like Gecko) Chrome/56.0.2924.87 Safari/537.36"
[2017-04-02 17:59:18.297] [WARN] http-connect - ::1 - - "GET /favicon.ico HTTP/1.1" 304 - "http://localhost:3003/room/58e0ca642352c527d09fb6a4" "Mozilla/5.0 (Windows NT 6.3; WOW64) AppleWebKit/537.36 (KHTML, like Gecko) Chrome/56.0.2924.87 Safari/537.36"
[2017-04-02 18:47:34.478] [WARN] http-connect - ::1 - - "GET /room/58e0ca642352c527d09fb6a4 HTTP/1.1" 304 - "" "Mozilla/5.0 (Windows NT 6.3; WOW64) AppleWebKit/537.36 (KHTML, like Gecko) Chrome/56.0.2924.87 Safari/537.36"
[2017-04-02 18:47:35.209] [WARN] http-connect - ::1 - - "GET /favicon.ico HTTP/1.1" 304 - "http://localhost:3003/rooms" "Mozilla/5.0 (Windows NT 6.3; WOW64) AppleWebKit/537.36 (KHTML, like Gecko) Chrome/56.0.2924.87 Safari/537.36"
[2017-04-02 18:47:37.722] [WARN] http-connect - ::1 - - "GET /favicon.ico HTTP/1.1" 304 - "http://localhost:3003/room/58e0ca642352c527d09fb6a4" "Mozilla/5.0 (Windows NT 6.3; WOW64) AppleWebKit/537.36 (KHTML, like Gecko) Chrome/56.0.2924.87 Safari/537.36"
[2017-04-02 18:47:38.720] [WARN] http-connect - ::1 - - "GET /favicon.ico HTTP/1.1" 304 - "http://localhost:3003/rooms" "Mozilla/5.0 (Windows NT 6.3; WOW64) AppleWebKit/537.36 (KHTML, like Gecko) Chrome/56.0.2924.87 Safari/537.36"
[2017-04-02 18:47:40.292] [WARN] http-connect - ::1 - - "GET /favicon.ico HTTP/1.1" 304 - "http://localhost:3003/room/58e0ca642352c527d09fb6a4" "Mozilla/5.0 (Windows NT 6.3; WOW64) AppleWebKit/537.36 (KHTML, like Gecko) Chrome/56.0.2924.87 Safari/537.36"
[2017-04-02 18:52:56.964] [WARN] http-connect - ::1 - - "GET /favicon.ico HTTP/1.1" 304 - "http://localhost:3003/rooms" "Mozilla/5.0 (Windows NT 6.3; WOW64) AppleWebKit/537.36 (KHTML, like Gecko) Chrome/56.0.2924.87 Safari/537.36"
[2017-04-02 18:52:58.008] [WARN] http-connect - ::1 - - "GET /favicon.ico HTTP/1.1" 304 - "http://localhost:3003/room/58e0ca642352c527d09fb6a4" "Mozilla/5.0 (Windows NT 6.3; WOW64) AppleWebKit/537.36 (KHTML, like Gecko) Chrome/56.0.2924.87 Safari/537.36"
[2017-04-02 18:53:02.408] [WARN] http-connect - ::1 - - "GET /favicon.ico HTTP/1.1" 304 - "http://localhost:3003/rooms" "Mozilla/5.0 (Windows NT 6.3; WOW64) AppleWebKit/537.36 (KHTML, like Gecko) Chrome/56.0.2924.87 Safari/537.36"
[2017-04-02 18:53:03.932] [WARN] http-connect - ::1 - - "GET /rooms HTTP/1.1" 304 - "" "Mozilla/5.0 (Windows NT 6.3; WOW64) AppleWebKit/537.36 (KHTML, like Gecko) Chrome/56.0.2924.87 Safari/537.36"
[2017-04-02 18:53:04.630] [WARN] http-connect - ::1 - - "GET /favicon.ico HTTP/1.1" 304 - "http://localhost:3003/rooms" "Mozilla/5.0 (Windows NT 6.3; WOW64) AppleWebKit/537.36 (KHTML, like Gecko) Chrome/56.0.2924.87 Safari/537.36"
[2017-04-02 18:55:28.476] [WARN] http-connect - ::1 - - "GET /favicon.ico HTTP/1.1" 304 - "http://localhost:3003/room/58e0ca642352c527d09fb6a4" "Mozilla/5.0 (Windows NT 6.3; WOW64) AppleWebKit/537.36 (KHTML, like Gecko) Chrome/56.0.2924.87 Safari/537.36"
[2017-04-02 18:57:01.126] [WARN] http-connect - ::1 - - "GET /favicon.ico HTTP/1.1" 304 - "http://localhost:3003/rooms" "Mozilla/5.0 (Windows NT 6.3; WOW64) AppleWebKit/537.36 (KHTML, like Gecko) Chrome/56.0.2924.87 Safari/537.36"
[2017-04-02 18:57:08.694] [WARN] http-connect - ::1 - - "GET /favicon.ico HTTP/1.1" 304 - "http://localhost:3003/room/58e0ca642352c527d09fb6a4" "Mozilla/5.0 (Windows NT 6.3; WOW64) AppleWebKit/537.36 (KHTML, like Gecko) Chrome/56.0.2924.87 Safari/537.36"
[2017-04-02 19:02:57.035] [WARN] http-connect - ::1 - - "GET /favicon.ico HTTP/1.1" 304 - "http://localhost:3003/rooms" "Mozilla/5.0 (Windows NT 6.3; WOW64) AppleWebKit/537.36 (KHTML, like Gecko) Chrome/56.0.2924.87 Safari/537.36"
[2017-04-02 19:02:58.352] [WARN] http-connect - ::1 - - "GET /rooms HTTP/1.1" 304 - "" "Mozilla/5.0 (Windows NT 6.3; WOW64) AppleWebKit/537.36 (KHTML, like Gecko) Chrome/56.0.2924.87 Safari/537.36"
[2017-04-02 19:02:59.037] [WARN] http-connect - ::1 - - "GET /favicon.ico HTTP/1.1" 304 - "http://localhost:3003/rooms" "Mozilla/5.0 (Windows NT 6.3; WOW64) AppleWebKit/537.36 (KHTML, like Gecko) Chrome/56.0.2924.87 Safari/537.36"
[2017-04-02 19:03:00.031] [WARN] http-connect - ::1 - - "GET /favicon.ico HTTP/1.1" 304 - "http://localhost:3003/room/58e0ca642352c527d09fb6a4" "Mozilla/5.0 (Windows NT 6.3; WOW64) AppleWebKit/537.36 (KHTML, like Gecko) Chrome/56.0.2924.87 Safari/537.36"
[2017-04-02 19:09:51.515] [WARN] http-connect - ::1 - - "GET /favicon.ico HTTP/1.1" 304 - "http://localhost:3003/room/58e0ca642352c527d09fb6a4" "Mozilla/5.0 (Windows NT 6.3; WOW64) AppleWebKit/537.36 (KHTML, like Gecko) Chrome/56.0.2924.87 Safari/537.36"
[2017-04-02 19:11:24.724] [WARN] http-connect - ::1 - - "GET /favicon.ico HTTP/1.1" 304 - "http://localhost:3003/room/58e0ca642352c527d09fb6a4" "Mozilla/5.0 (Windows NT 6.3; WOW64) AppleWebKit/537.36 (KHTML, like Gecko) Chrome/56.0.2924.87 Safari/537.36"
[2017-04-02 19:11:53.907] [INFO] http-connect - ::1 - - "GET / HTTP/1.1" 200 453 "" "Mozilla/5.0 (Windows NT 6.3; WOW64) AppleWebKit/537.36 (KHTML, like Gecko) Chrome/56.0.2924.87 Safari/537.36"
[2017-04-02 19:12:04.066] [WARN] http-connect - ::1 - - "GET / HTTP/1.1" 304 - "" "Mozilla/5.0 (Windows NT 6.3; WOW64) AppleWebKit/537.36 (KHTML, like Gecko) Chrome/56.0.2924.87 Safari/537.36"
[2017-04-02 19:12:04.973] [WARN] http-connect - ::1 - - "GET /favicon.ico HTTP/1.1" 304 - "http://localhost:3003/rooms" "Mozilla/5.0 (Windows NT 6.3; WOW64) AppleWebKit/537.36 (KHTML, like Gecko) Chrome/56.0.2924.87 Safari/537.36"
[2017-04-02 19:12:11.717] [WARN] http-connect - ::1 - - "GET /favicon.ico HTTP/1.1" 304 - "http://localhost:3003/room/58e0ca642352c527d09fb6a4" "Mozilla/5.0 (Windows NT 6.3; WOW64) AppleWebKit/537.36 (KHTML, like Gecko) Chrome/56.0.2924.87 Safari/537.36"
[2017-04-02 19:13:27.657] [INFO] http-connect - ::1 - - "GET /room HTTP/1.1" 200 453 "" "Mozilla/5.0 (Windows NT 6.3; WOW64) AppleWebKit/537.36 (KHTML, like Gecko) Chrome/56.0.2924.87 Safari/537.36"
[2017-04-02 19:13:28.137] [WARN] http-connect - ::1 - - "GET /favicon.ico HTTP/1.1" 304 - "http://localhost:3003/room" "Mozilla/5.0 (Windows NT 6.3; WOW64) AppleWebKit/537.36 (KHTML, like Gecko) Chrome/56.0.2924.87 Safari/537.36"
[2017-04-02 19:13:30.461] [WARN] http-connect - ::1 - - "GET /rooms HTTP/1.1" 304 - "" "Mozilla/5.0 (Windows NT 6.3; WOW64) AppleWebKit/537.36 (KHTML, like Gecko) Chrome/56.0.2924.87 Safari/537.36"
[2017-04-02 19:13:30.922] [WARN] http-connect - ::1 - - "GET /favicon.ico HTTP/1.1" 304 - "http://localhost:3003/rooms" "Mozilla/5.0 (Windows NT 6.3; WOW64) AppleWebKit/537.36 (KHTML, like Gecko) Chrome/56.0.2924.87 Safari/537.36"
[2017-04-02 19:13:39.587] [WARN] http-connect - ::1 - - "GET /favicon.ico HTTP/1.1" 304 - "http://localhost:3003/room/58e0ca642352c527d09fb6a4" "Mozilla/5.0 (Windows NT 6.3; WOW64) AppleWebKit/537.36 (KHTML, like Gecko) Chrome/56.0.2924.87 Safari/537.36"
[2017-04-02 19:13:40.972] [WARN] http-connect - ::1 - - "GET /favicon.ico HTTP/1.1" 304 - "http://localhost:3003/rooms" "Mozilla/5.0 (Windows NT 6.3; WOW64) AppleWebKit/537.36 (KHTML, like Gecko) Chrome/56.0.2924.87 Safari/537.36"
[2017-04-02 19:13:41.708] [WARN] http-connect - ::1 - - "GET /favicon.ico HTTP/1.1" 304 - "http://localhost:3003/room/58e0ca642352c527d09fb6a4" "Mozilla/5.0 (Windows NT 6.3; WOW64) AppleWebKit/537.36 (KHTML, like Gecko) Chrome/56.0.2924.87 Safari/537.36"
[2017-04-02 19:14:24.834] [WARN] http-connect - ::1 - - "GET / HTTP/1.1" 304 - "" "Mozilla/5.0 (Windows NT 6.3; WOW64) AppleWebKit/537.36 (KHTML, like Gecko) Chrome/56.0.2924.87 Safari/537.36"
[2017-04-02 19:14:42.988] [WARN] http-connect - ::1 - - "GET / HTTP/1.1" 304 - "" "Mozilla/5.0 (Windows NT 6.3; WOW64) AppleWebKit/537.36 (KHTML, like Gecko) Chrome/56.0.2924.87 Safari/537.36"
[2017-04-02 19:14:43.551] [WARN] http-connect - ::1 - - "GET /favicon.ico HTTP/1.1" 304 - "http://localhost:3003/rooms" "Mozilla/5.0 (Windows NT 6.3; WOW64) AppleWebKit/537.36 (KHTML, like Gecko) Chrome/56.0.2924.87 Safari/537.36"
[2017-04-02 19:14:50.604] [WARN] http-connect - ::1 - - "GET /favicon.ico HTTP/1.1" 304 - "http://localhost:3003/room/58e0ca642352c527d09fb6a4" "Mozilla/5.0 (Windows NT 6.3; WOW64) AppleWebKit/537.36 (KHTML, like Gecko) Chrome/56.0.2924.87 Safari/537.36"
[2017-04-02 19:15:21.921] [WARN] http-connect - ::1 - - "GET /favicon.ico HTTP/1.1" 304 - "http://localhost:3003/rooms" "Mozilla/5.0 (Windows NT 6.3; WOW64) AppleWebKit/537.36 (KHTML, like Gecko) Chrome/56.0.2924.87 Safari/537.36"
[2017-04-02 19:15:22.789] [WARN] http-connect - ::1 - - "GET /rooms HTTP/1.1" 304 - "" "Mozilla/5.0 (Windows NT 6.3; WOW64) AppleWebKit/537.36 (KHTML, like Gecko) Chrome/56.0.2924.87 Safari/537.36"
[2017-04-02 19:15:23.484] [WARN] http-connect - ::1 - - "GET /favicon.ico HTTP/1.1" 304 - "http://localhost:3003/rooms" "Mozilla/5.0 (Windows NT 6.3; WOW64) AppleWebKit/537.36 (KHTML, like Gecko) Chrome/56.0.2924.87 Safari/537.36"
[2017-04-02 19:15:26.842] [WARN] http-connect - ::1 - - "GET /favicon.ico HTTP/1.1" 304 - "http://localhost:3003/room/58e0ca642352c527d09fb6a4" "Mozilla/5.0 (Windows NT 6.3; WOW64) AppleWebKit/537.36 (KHTML, like Gecko) Chrome/56.0.2924.87 Safari/537.36"
[2017-04-02 19:16:36.549] [WARN] http-connect - ::1 - - "GET / HTTP/1.1" 304 - "" "Mozilla/5.0 (Windows NT 6.3; WOW64) AppleWebKit/537.36 (KHTML, like Gecko) Chrome/56.0.2924.87 Safari/537.36"
[2017-04-02 19:16:37.098] [WARN] http-connect - ::1 - - "GET /favicon.ico HTTP/1.1" 304 - "http://localhost:3003/rooms" "Mozilla/5.0 (Windows NT 6.3; WOW64) AppleWebKit/537.36 (KHTML, like Gecko) Chrome/56.0.2924.87 Safari/537.36"
[2017-04-02 19:16:37.880] [WARN] http-connect - ::1 - - "GET /favicon.ico HTTP/1.1" 304 - "http://localhost:3003/room/58e0ca642352c527d09fb6a4" "Mozilla/5.0 (Windows NT 6.3; WOW64) AppleWebKit/537.36 (KHTML, like Gecko) Chrome/56.0.2924.87 Safari/537.36"
[2017-04-03 11:15:16.301] [WARN] http-connect - ::1 - - "GET / HTTP/1.1" 304 - "" "Mozilla/5.0 (Windows NT 6.3; WOW64) AppleWebKit/537.36 (KHTML, like Gecko) Chrome/56.0.2924.87 Safari/537.36"
[2017-04-03 11:15:18.638] [WARN] http-connect - ::1 - - "GET /favicon.ico HTTP/1.1" 304 - "http://localhost:3003/rooms" "Mozilla/5.0 (Windows NT 6.3; WOW64) AppleWebKit/537.36 (KHTML, like Gecko) Chrome/56.0.2924.87 Safari/537.36"
[2017-04-03 11:15:27.954] [WARN] http-connect - ::1 - - "GET /favicon.ico HTTP/1.1" 304 - "http://localhost:3003/room/58e0ca642352c527d09fb6a4" "Mozilla/5.0 (Windows NT 6.3; WOW64) AppleWebKit/537.36 (KHTML, like Gecko) Chrome/56.0.2924.87 Safari/537.36"
[2017-04-03 11:16:17.108] [WARN] http-connect - ::1 - - "GET /room/58e0ca642352c527d09fb6a4 HTTP/1.1" 304 - "" "Mozilla/5.0 (Windows NT 6.3; WOW64) AppleWebKit/537.36 (KHTML, like Gecko) Chrome/56.0.2924.87 Safari/537.36"
[2017-04-03 11:16:17.859] [WARN] http-connect - ::1 - - "GET /favicon.ico HTTP/1.1" 304 - "http://localhost:3003/rooms" "Mozilla/5.0 (Windows NT 6.3; WOW64) AppleWebKit/537.36 (KHTML, like Gecko) Chrome/56.0.2924.87 Safari/537.36"
[2017-04-03 11:16:31.030] [WARN] http-connect - ::1 - - "GET /favicon.ico HTTP/1.1" 304 - "http://localhost:3003/room/58e0ca642352c527d09fb6a4" "Mozilla/5.0 (Windows NT 6.3; WOW64) AppleWebKit/537.36 (KHTML, like Gecko) Chrome/56.0.2924.87 Safari/537.36"
[2017-04-03 11:16:32.249] [WARN] http-connect - ::1 - - "GET /favicon.ico HTTP/1.1" 304 - "http://localhost:3003/rooms" "Mozilla/5.0 (Windows NT 6.3; WOW64) AppleWebKit/537.36 (KHTML, like Gecko) Chrome/56.0.2924.87 Safari/537.36"
[2017-04-03 11:16:33.163] [WARN] http-connect - ::1 - - "GET /favicon.ico HTTP/1.1" 304 - "http://localhost:3003/room/58e0ca642352c527d09fb6a4" "Mozilla/5.0 (Windows NT 6.3; WOW64) AppleWebKit/537.36 (KHTML, like Gecko) Chrome/56.0.2924.87 Safari/537.36"
[2017-04-03 16:08:22.369] [INFO] http-connect - ::1 - - "GET / HTTP/1.1" 200 453 "" "Mozilla/5.0 (Windows NT 6.3; WOW64) AppleWebKit/537.36 (KHTML, like Gecko) Chrome/56.0.2924.87 Safari/537.36"
[2017-04-03 16:08:22.612] [WARN] http-connect - ::1 - - "GET /favicon.ico HTTP/1.1" 304 - "http://localhost:3003/rooms" "Mozilla/5.0 (Windows NT 6.3; WOW64) AppleWebKit/537.36 (KHTML, like Gecko) Chrome/56.0.2924.87 Safari/537.36"
[2017-04-03 16:20:02.562] [WARN] http-connect - ::1 - - "GET /rooms HTTP/1.1" 304 - "" "Mozilla/5.0 (Windows NT 6.3; WOW64) AppleWebKit/537.36 (KHTML, like Gecko) Chrome/56.0.2924.87 Safari/537.36"
[2017-04-03 16:20:03.275] [WARN] http-connect - ::1 - - "GET /favicon.ico HTTP/1.1" 304 - "http://localhost:3003/rooms" "Mozilla/5.0 (Windows NT 6.3; WOW64) AppleWebKit/537.36 (KHTML, like Gecko) Chrome/56.0.2924.87 Safari/537.36"
[2017-04-03 16:21:27.238] [WARN] http-connect - ::1 - - "GET /rooms HTTP/1.1" 304 - "" "Mozilla/5.0 (Windows NT 6.3; WOW64) AppleWebKit/537.36 (KHTML, like Gecko) Chrome/56.0.2924.87 Safari/537.36"
[2017-04-03 16:21:27.929] [WARN] http-connect - ::1 - - "GET /favicon.ico HTTP/1.1" 304 - "http://localhost:3003/rooms" "Mozilla/5.0 (Windows NT 6.3; WOW64) AppleWebKit/537.36 (KHTML, like Gecko) Chrome/56.0.2924.87 Safari/537.36"
[2017-04-03 16:21:43.925] [WARN] http-connect - ::1 - - "GET /favicon.ico HTTP/1.1" 304 - "http://localhost:3003/room/58e0ca642352c527d09fb6a4" "Mozilla/5.0 (Windows NT 6.3; WOW64) AppleWebKit/537.36 (KHTML, like Gecko) Chrome/56.0.2924.87 Safari/537.36"
[2017-04-03 16:21:45.534] [WARN] http-connect - ::1 - - "GET /favicon.ico HTTP/1.1" 304 - "http://localhost:3003/rooms" "Mozilla/5.0 (Windows NT 6.3; WOW64) AppleWebKit/537.36 (KHTML, like Gecko) Chrome/56.0.2924.87 Safari/537.36"
[2017-04-03 16:21:46.240] [WARN] http-connect - ::1 - - "GET /favicon.ico HTTP/1.1" 304 - "http://localhost:3003/room/58e0ca642352c527d09fb6a4" "Mozilla/5.0 (Windows NT 6.3; WOW64) AppleWebKit/537.36 (KHTML, like Gecko) Chrome/56.0.2924.87 Safari/537.36"
[2017-04-03 16:24:00.372] [WARN] http-connect - ::1 - - "GET /room/58e0ca642352c527d09fb6a4 HTTP/1.1" 304 - "" "Mozilla/5.0 (Windows NT 6.3; WOW64) AppleWebKit/537.36 (KHTML, like Gecko) Chrome/56.0.2924.87 Safari/537.36"
[2017-04-03 16:24:01.058] [WARN] http-connect - ::1 - - "GET /favicon.ico HTTP/1.1" 304 - "http://localhost:3003/rooms" "Mozilla/5.0 (Windows NT 6.3; WOW64) AppleWebKit/537.36 (KHTML, like Gecko) Chrome/56.0.2924.87 Safari/537.36"
[2017-04-03 16:24:01.976] [WARN] http-connect - ::1 - - "GET /favicon.ico HTTP/1.1" 304 - "http://localhost:3003/room/58e0ca642352c527d09fb6a4" "Mozilla/5.0 (Windows NT 6.3; WOW64) AppleWebKit/537.36 (KHTML, like Gecko) Chrome/56.0.2924.87 Safari/537.36"
[2017-04-03 16:24:03.258] [WARN] http-connect - ::1 - - "GET /favicon.ico HTTP/1.1" 304 - "http://localhost:3003/rooms" "Mozilla/5.0 (Windows NT 6.3; WOW64) AppleWebKit/537.36 (KHTML, like Gecko) Chrome/56.0.2924.87 Safari/537.36"
[2017-04-03 16:24:04.639] [WARN] http-connect - ::1 - - "GET /favicon.ico HTTP/1.1" 304 - "http://localhost:3003/room/58e0ca642352c527d09fb6a4" "Mozilla/5.0 (Windows NT 6.3; WOW64) AppleWebKit/537.36 (KHTML, like Gecko) Chrome/56.0.2924.87 Safari/537.36"
[2017-04-03 16:31:02.142] [WARN] http-connect - ::1 - - "GET /room/58e0ca642352c527d09fb6a4 HTTP/1.1" 304 - "" "Mozilla/5.0 (Windows NT 6.3; WOW64) AppleWebKit/537.36 (KHTML, like Gecko) Chrome/56.0.2924.87 Safari/537.36"
[2017-04-03 16:31:20.279] [WARN] http-connect - ::1 - - "GET /favicon.ico HTTP/1.1" 304 - "http://localhost:3003/room/58e0ca642352c527d09fb6a4" "Mozilla/5.0 (Windows NT 6.3; WOW64) AppleWebKit/537.36 (KHTML, like Gecko) Chrome/56.0.2924.87 Safari/537.36"
[2017-04-03 16:31:32.966] [WARN] http-connect - ::1 - - "GET /room/58e0ca642352c527d09fb6a4 HTTP/1.1" 304 - "" "Mozilla/5.0 (Windows NT 6.3; WOW64) AppleWebKit/537.36 (KHTML, like Gecko) Chrome/56.0.2924.87 Safari/537.36"
[2017-04-03 16:31:35.621] [WARN] http-connect - ::1 - - "GET /favicon.ico HTTP/1.1" 304 - "http://localhost:3003/room/58e0ca642352c527d09fb6a4" "Mozilla/5.0 (Windows NT 6.3; WOW64) AppleWebKit/537.36 (KHTML, like Gecko) Chrome/56.0.2924.87 Safari/537.36"
[2017-04-03 16:31:41.545] [WARN] http-connect - ::1 - - "GET /room/58e0ca642352c527d09fb6a4 HTTP/1.1" 304 - "" "Mozilla/5.0 (Windows NT 6.3; WOW64) AppleWebKit/537.36 (KHTML, like Gecko) Chrome/56.0.2924.87 Safari/537.36"
[2017-04-03 16:31:43.646] [WARN] http-connect - ::1 - - "GET /favicon.ico HTTP/1.1" 304 - "http://localhost:3003/room/58e0ca642352c527d09fb6a4" "Mozilla/5.0 (Windows NT 6.3; WOW64) AppleWebKit/537.36 (KHTML, like Gecko) Chrome/56.0.2924.87 Safari/537.36"
[2017-04-03 16:32:55.959] [WARN] http-connect - ::1 - - "GET / HTTP/1.1" 304 - "" "Mozilla/5.0 (Windows NT 6.3; WOW64) AppleWebKit/537.36 (KHTML, like Gecko) Chrome/56.0.2924.87 Safari/537.36"
[2017-04-03 16:33:00.056] [WARN] http-connect - ::1 - - "GET /favicon.ico HTTP/1.1" 304 - "http://localhost:3003/rooms" "Mozilla/5.0 (Windows NT 6.3; WOW64) AppleWebKit/537.36 (KHTML, like Gecko) Chrome/56.0.2924.87 Safari/537.36"
[2017-04-03 16:33:14.661] [WARN] http-connect - ::1 - - "GET /rooms HTTP/1.1" 304 - "" "Mozilla/5.0 (Windows NT 6.3; WOW64) AppleWebKit/537.36 (KHTML, like Gecko) Chrome/56.0.2924.87 Safari/537.36"
[2017-04-03 16:33:15.184] [WARN] http-connect - ::1 - - "GET /favicon.ico HTTP/1.1" 304 - "http://localhost:3003/rooms" "Mozilla/5.0 (Windows NT 6.3; WOW64) AppleWebKit/537.36 (KHTML, like Gecko) Chrome/56.0.2924.87 Safari/537.36"
[2017-04-03 16:33:16.723] [INFO] http-connect - ::1 - - "POST /logout HTTP/1.1" 200 46 "http://localhost:3003/rooms" "Mozilla/5.0 (Windows NT 6.3; WOW64) AppleWebKit/537.36 (KHTML, like Gecko) Chrome/56.0.2924.87 Safari/537.36"
[2017-04-03 16:33:16.820] [INFO] http-connect - ::1 - - "GET /favicon.ico HTTP/1.1" 200 407 "http://localhost:3003/login" "Mozilla/5.0 (Windows NT 6.3; WOW64) AppleWebKit/537.36 (KHTML, like Gecko) Chrome/56.0.2924.87 Safari/537.36"
[2017-04-03 16:33:19.054] [INFO] http-connect - ::1 - - "GET /rooms HTTP/1.1" 200 407 "" "Mozilla/5.0 (Windows NT 6.3; WOW64) AppleWebKit/537.36 (KHTML, like Gecko) Chrome/56.0.2924.87 Safari/537.36"
[2017-04-03 16:33:19.726] [WARN] http-connect - ::1 - - "GET /favicon.ico HTTP/1.1" 304 - "http://localhost:3003/login" "Mozilla/5.0 (Windows NT 6.3; WOW64) AppleWebKit/537.36 (KHTML, like Gecko) Chrome/56.0.2924.87 Safari/537.36"
[2017-04-03 16:34:03.575] [INFO] http-connect - ::1 - - "POST /checkEmail HTTP/1.1" 200 44 "http://localhost:3003/login" "Mozilla/5.0 (Windows NT 6.3; WOW64) AppleWebKit/537.36 (KHTML, like Gecko) Chrome/56.0.2924.87 Safari/537.36"
[2017-04-03 16:34:17.918] [INFO] http-connect - ::1 - - "POST /login HTTP/1.1" 200 77 "http://localhost:3003/login" "Mozilla/5.0 (Windows NT 6.3; WOW64) AppleWebKit/537.36 (KHTML, like Gecko) Chrome/56.0.2924.87 Safari/537.36"
[2017-04-03 16:34:27.381] [INFO] http-connect - ::1 - - "POST /login HTTP/1.1" 200 161 "http://localhost:3003/login" "Mozilla/5.0 (Windows NT 6.3; WOW64) AppleWebKit/537.36 (KHTML, like Gecko) Chrome/56.0.2924.87 Safari/537.36"
[2017-04-03 16:34:27.529] [INFO] http-connect - ::1 - - "GET /favicon.ico HTTP/1.1" 200 453 "http://localhost:3003/rooms" "Mozilla/5.0 (Windows NT 6.3; WOW64) AppleWebKit/537.36 (KHTML, like Gecko) Chrome/56.0.2924.87 Safari/537.36"
[2017-04-03 16:46:06.309] [INFO] http-connect - ::1 - - "GET /rooms HTTP/1.1" 200 453 "" "Mozilla/5.0 (Windows NT 6.3; WOW64) AppleWebKit/537.36 (KHTML, like Gecko) Chrome/56.0.2924.87 Safari/537.36"
[2017-04-03 16:46:06.958] [WARN] http-connect - ::1 - - "GET /favicon.ico HTTP/1.1" 304 - "http://localhost:3003/rooms" "Mozilla/5.0 (Windows NT 6.3; WOW64) AppleWebKit/537.36 (KHTML, like Gecko) Chrome/56.0.2924.87 Safari/537.36"
[2017-04-03 19:40:40.543] [WARN] http-connect - ::1 - - "GET /rooms HTTP/1.1" 304 - "" "Mozilla/5.0 (Windows NT 6.3; WOW64) AppleWebKit/537.36 (KHTML, like Gecko) Chrome/56.0.2924.87 Safari/537.36"
[2017-04-03 19:40:42.629] [WARN] http-connect - ::1 - - "GET /favicon.ico HTTP/1.1" 304 - "http://localhost:3003/rooms" "Mozilla/5.0 (Windows NT 6.3; WOW64) AppleWebKit/537.36 (KHTML, like Gecko) Chrome/56.0.2924.87 Safari/537.36"
[2017-04-03 19:40:56.894] [WARN] http-connect - ::1 - - "GET /rooms HTTP/1.1" 304 - "" "Mozilla/5.0 (Windows NT 6.3; WOW64) AppleWebKit/537.36 (KHTML, like Gecko) Chrome/56.0.2924.87 Safari/537.36"
[2017-04-03 19:40:57.591] [WARN] http-connect - ::1 - - "GET /favicon.ico HTTP/1.1" 304 - "http://localhost:3003/rooms" "Mozilla/5.0 (Windows NT 6.3; WOW64) AppleWebKit/537.36 (KHTML, like Gecko) Chrome/56.0.2924.87 Safari/537.36"
[2017-04-03 19:41:12.440] [WARN] http-connect - ::1 - - "GET /rooms HTTP/1.1" 304 - "" "Mozilla/5.0 (Windows NT 6.3; WOW64) AppleWebKit/537.36 (KHTML, like Gecko) Chrome/56.0.2924.87 Safari/537.36"
[2017-04-03 19:41:13.265] [WARN] http-connect - ::1 - - "GET /favicon.ico HTTP/1.1" 304 - "http://localhost:3003/rooms" "Mozilla/5.0 (Windows NT 6.3; WOW64) AppleWebKit/537.36 (KHTML, like Gecko) Chrome/56.0.2924.87 Safari/537.36"
[2017-04-03 19:41:35.249] [WARN] http-connect - ::1 - - "GET /rooms HTTP/1.1" 304 - "" "Mozilla/5.0 (Windows NT 6.3; WOW64) AppleWebKit/537.36 (KHTML, like Gecko) Chrome/56.0.2924.87 Safari/537.36"
[2017-04-03 19:41:35.972] [WARN] http-connect - ::1 - - "GET /favicon.ico HTTP/1.1" 304 - "http://localhost:3003/rooms" "Mozilla/5.0 (Windows NT 6.3; WOW64) AppleWebKit/537.36 (KHTML, like Gecko) Chrome/56.0.2924.87 Safari/537.36"
[2017-04-03 19:43:08.684] [WARN] http-connect - ::1 - - "GET /rooms HTTP/1.1" 304 - "" "Mozilla/5.0 (Windows NT 6.3; WOW64) AppleWebKit/537.36 (KHTML, like Gecko) Chrome/56.0.2924.87 Safari/537.36"
[2017-04-03 19:43:09.141] [INFO] http-connect - ::1 - - "GET /imgSrc HTTP/1.1" 200 453 "http://localhost:3003/rooms" "Mozilla/5.0 (Windows NT 6.3; WOW64) AppleWebKit/537.36 (KHTML, like Gecko) Chrome/56.0.2924.87 Safari/537.36"
[2017-04-03 19:43:09.168] [INFO] http-connect - ::1 - - "GET /favicon.ico HTTP/1.1" 200 453 "http://localhost:3003/rooms" "Mozilla/5.0 (Windows NT 6.3; WOW64) AppleWebKit/537.36 (KHTML, like Gecko) Chrome/56.0.2924.87 Safari/537.36"
[2017-04-03 19:44:07.637] [WARN] http-connect - ::1 - - "GET /rooms HTTP/1.1" 304 - "" "Mozilla/5.0 (Windows NT 6.3; WOW64) AppleWebKit/537.36 (KHTML, like Gecko) Chrome/56.0.2924.87 Safari/537.36"
[2017-04-03 19:44:08.464] [WARN] http-connect - ::1 - - "GET /imgSrc HTTP/1.1" 304 - "http://localhost:3003/rooms" "Mozilla/5.0 (Windows NT 6.3; WOW64) AppleWebKit/537.36 (KHTML, like Gecko) Chrome/56.0.2924.87 Safari/537.36"
[2017-04-03 19:44:08.629] [WARN] http-connect - ::1 - - "GET /favicon.ico HTTP/1.1" 304 - "http://localhost:3003/rooms" "Mozilla/5.0 (Windows NT 6.3; WOW64) AppleWebKit/537.36 (KHTML, like Gecko) Chrome/56.0.2924.87 Safari/537.36"
[2017-04-03 19:46:31.316] [WARN] http-connect - ::1 - - "GET /rooms HTTP/1.1" 304 - "" "Mozilla/5.0 (Windows NT 6.3; WOW64) AppleWebKit/537.36 (KHTML, like Gecko) Chrome/56.0.2924.87 Safari/537.36"
[2017-04-03 19:46:35.175] [WARN] http-connect - ::1 - - "GET /imgSrc HTTP/1.1" 304 - "http://localhost:3003/rooms" "Mozilla/5.0 (Windows NT 6.3; WOW64) AppleWebKit/537.36 (KHTML, like Gecko) Chrome/56.0.2924.87 Safari/537.36"
[2017-04-03 19:46:35.222] [WARN] http-connect - ::1 - - "GET /favicon.ico HTTP/1.1" 304 - "http://localhost:3003/rooms" "Mozilla/5.0 (Windows NT 6.3; WOW64) AppleWebKit/537.36 (KHTML, like Gecko) Chrome/56.0.2924.87 Safari/537.36"
[2017-04-03 19:47:22.086] [WARN] http-connect - ::1 - - "GET /rooms HTTP/1.1" 304 - "" "Mozilla/5.0 (Windows NT 6.3; WOW64) AppleWebKit/537.36 (KHTML, like Gecko) Chrome/56.0.2924.87 Safari/537.36"
[2017-04-03 19:47:22.725] [WARN] http-connect - ::1 - - "GET /favicon.ico HTTP/1.1" 304 - "http://localhost:3003/rooms" "Mozilla/5.0 (Windows NT 6.3; WOW64) AppleWebKit/537.36 (KHTML, like Gecko) Chrome/56.0.2924.87 Safari/537.36"
[2017-04-03 19:48:02.379] [WARN] http-connect - ::1 - - "GET /rooms HTTP/1.1" 304 - "" "Mozilla/5.0 (Windows NT 6.3; WOW64) AppleWebKit/537.36 (KHTML, like Gecko) Chrome/56.0.2924.87 Safari/537.36"
[2017-04-03 19:48:03.472] [WARN] http-connect - ::1 - - "GET /favicon.ico HTTP/1.1" 304 - "http://localhost:3003/rooms" "Mozilla/5.0 (Windows NT 6.3; WOW64) AppleWebKit/537.36 (KHTML, like Gecko) Chrome/56.0.2924.87 Safari/537.36"
[2017-04-03 19:50:11.041] [WARN] http-connect - ::1 - - "GET /rooms HTTP/1.1" 304 - "" "Mozilla/5.0 (Windows NT 6.3; WOW64) AppleWebKit/537.36 (KHTML, like Gecko) Chrome/56.0.2924.87 Safari/537.36"
[2017-04-03 19:50:11.736] [WARN] http-connect - ::1 - - "GET /favicon.ico HTTP/1.1" 304 - "http://localhost:3003/rooms" "Mozilla/5.0 (Windows NT 6.3; WOW64) AppleWebKit/537.36 (KHTML, like Gecko) Chrome/56.0.2924.87 Safari/537.36"
[2017-04-03 20:14:15.834] [WARN] http-connect - ::1 - - "GET /rooms HTTP/1.1" 304 - "" "Mozilla/5.0 (Windows NT 6.3; WOW64) AppleWebKit/537.36 (KHTML, like Gecko) Chrome/56.0.2924.87 Safari/537.36"
[2017-04-03 20:14:16.468] [WARN] http-connect - ::1 - - "GET /favicon.ico HTTP/1.1" 304 - "http://localhost:3003/rooms" "Mozilla/5.0 (Windows NT 6.3; WOW64) AppleWebKit/537.36 (KHTML, like Gecko) Chrome/56.0.2924.87 Safari/537.36"
[2017-04-03 20:15:34.913] [WARN] http-connect - ::1 - - "GET /rooms HTTP/1.1" 304 - "" "Mozilla/5.0 (Windows NT 6.3; WOW64) AppleWebKit/537.36 (KHTML, like Gecko) Chrome/56.0.2924.87 Safari/537.36"
[2017-04-03 20:15:35.652] [WARN] http-connect - ::1 - - "GET /favicon.ico HTTP/1.1" 304 - "http://localhost:3003/rooms" "Mozilla/5.0 (Windows NT 6.3; WOW64) AppleWebKit/537.36 (KHTML, like Gecko) Chrome/56.0.2924.87 Safari/537.36"
[2017-04-03 20:16:00.212] [WARN] http-connect - ::1 - - "GET /rooms HTTP/1.1" 304 - "" "Mozilla/5.0 (Windows NT 6.3; WOW64) AppleWebKit/537.36 (KHTML, like Gecko) Chrome/56.0.2924.87 Safari/537.36"
[2017-04-03 20:16:01.148] [WARN] http-connect - ::1 - - "GET /favicon.ico HTTP/1.1" 304 - "http://localhost:3003/rooms" "Mozilla/5.0 (Windows NT 6.3; WOW64) AppleWebKit/537.36 (KHTML, like Gecko) Chrome/56.0.2924.87 Safari/537.36"
[2017-04-03 20:16:05.923] [WARN] http-connect - ::1 - - "GET /favicon.ico HTTP/1.1" 304 - "http://localhost:3003/room/58e23ca04a08f237242aa27d" "Mozilla/5.0 (Windows NT 6.3; WOW64) AppleWebKit/537.36 (KHTML, like Gecko) Chrome/56.0.2924.87 Safari/537.36"
[2017-04-03 20:16:58.439] [INFO] http-connect - ::1 - - "GET /room/58e23ca04a08f237242aa27d HTTP/1.1" 200 453 "" "Mozilla/5.0 (Windows NT 6.3; WOW64) AppleWebKit/537.36 (KHTML, like Gecko) Chrome/56.0.2924.87 Safari/537.36"
[2017-04-03 20:16:59.079] [WARN] http-connect - ::1 - - "GET /favicon.ico HTTP/1.1" 304 - "http://localhost:3003/rooms" "Mozilla/5.0 (Windows NT 6.3; WOW64) AppleWebKit/537.36 (KHTML, like Gecko) Chrome/56.0.2924.87 Safari/537.36"
[2017-04-03 20:17:00.661] [WARN] http-connect - ::1 - - "GET /favicon.ico HTTP/1.1" 304 - "http://localhost:3003/room/58e23ca04a08f237242aa27d" "Mozilla/5.0 (Windows NT 6.3; WOW64) AppleWebKit/537.36 (KHTML, like Gecko) Chrome/56.0.2924.87 Safari/537.36"
[2017-04-03 20:17:01.826] [WARN] http-connect - ::1 - - "GET /favicon.ico HTTP/1.1" 304 - "http://localhost:3003/rooms" "Mozilla/5.0 (Windows NT 6.3; WOW64) AppleWebKit/537.36 (KHTML, like Gecko) Chrome/56.0.2924.87 Safari/537.36"
[2017-04-03 20:17:02.656] [WARN] http-connect - ::1 - - "GET /favicon.ico HTTP/1.1" 304 - "http://localhost:3003/room/58e23ca04a08f237242aa27d" "Mozilla/5.0 (Windows NT 6.3; WOW64) AppleWebKit/537.36 (KHTML, like Gecko) Chrome/56.0.2924.87 Safari/537.36"
[2017-04-03 20:21:10.620] [WARN] http-connect - ::1 - - "GET /favicon.ico HTTP/1.1" 304 - "http://localhost:3003/rooms" "Mozilla/5.0 (Windows NT 6.3; WOW64) AppleWebKit/537.36 (KHTML, like Gecko) Chrome/56.0.2924.87 Safari/537.36"
[2017-04-03 20:21:12.799] [WARN] http-connect - ::1 - - "GET /rooms HTTP/1.1" 304 - "" "Mozilla/5.0 (Windows NT 6.3; WOW64) AppleWebKit/537.36 (KHTML, like Gecko) Chrome/56.0.2924.87 Safari/537.36"
[2017-04-03 20:21:13.660] [WARN] http-connect - ::1 - - "GET /favicon.ico HTTP/1.1" 304 - "http://localhost:3003/rooms" "Mozilla/5.0 (Windows NT 6.3; WOW64) AppleWebKit/537.36 (KHTML, like Gecko) Chrome/56.0.2924.87 Safari/537.36"
[2017-04-03 20:21:15.717] [WARN] http-connect - ::1 - - "GET /favicon.ico HTTP/1.1" 304 - "http://localhost:3003/room/58e23ca04a08f237242aa27d" "Mozilla/5.0 (Windows NT 6.3; WOW64) AppleWebKit/537.36 (KHTML, like Gecko) Chrome/56.0.2924.87 Safari/537.36"
[2017-04-03 20:21:38.588] [WARN] http-connect - ::1 - - "GET /favicon.ico HTTP/1.1" 304 - "http://localhost:3003/rooms" "Mozilla/5.0 (Windows NT 6.3; WOW64) AppleWebKit/537.36 (KHTML, like Gecko) Chrome/56.0.2924.87 Safari/537.36"
[2017-04-03 20:22:48.139] [WARN] http-connect - ::1 - - "GET /favicon.ico HTTP/1.1" 304 - "http://localhost:3003/room/58e23ca04a08f237242aa27d" "Mozilla/5.0 (Windows NT 6.3; WOW64) AppleWebKit/537.36 (KHTML, like Gecko) Chrome/56.0.2924.87 Safari/537.36"
[2017-04-03 20:22:49.136] [WARN] http-connect - ::1 - - "GET /room/58e23ca04a08f237242aa27d HTTP/1.1" 304 - "" "Mozilla/5.0 (Windows NT 6.3; WOW64) AppleWebKit/537.36 (KHTML, like Gecko) Chrome/56.0.2924.87 Safari/537.36"
[2017-04-03 20:22:49.759] [WARN] http-connect - ::1 - - "GET /favicon.ico HTTP/1.1" 304 - "http://localhost:3003/rooms" "Mozilla/5.0 (Windows NT 6.3; WOW64) AppleWebKit/537.36 (KHTML, like Gecko) Chrome/56.0.2924.87 Safari/537.36"
[2017-04-03 20:22:52.044] [WARN] http-connect - ::1 - - "GET /favicon.ico HTTP/1.1" 304 - "http://localhost:3003/room/58e23ca04a08f237242aa27d" "Mozilla/5.0 (Windows NT 6.3; WOW64) AppleWebKit/537.36 (KHTML, like Gecko) Chrome/56.0.2924.87 Safari/537.36"
[2017-04-03 20:22:53.757] [WARN] http-connect - ::1 - - "GET /favicon.ico HTTP/1.1" 304 - "http://localhost:3003/rooms" "Mozilla/5.0 (Windows NT 6.3; WOW64) AppleWebKit/537.36 (KHTML, like Gecko) Chrome/56.0.2924.87 Safari/537.36"
[2017-04-03 20:22:54.471] [WARN] http-connect - ::1 - - "GET /favicon.ico HTTP/1.1" 304 - "http://localhost:3003/room/58e23ca04a08f237242aa27d" "Mozilla/5.0 (Windows NT 6.3; WOW64) AppleWebKit/537.36 (KHTML, like Gecko) Chrome/56.0.2924.87 Safari/537.36"
[2017-04-03 20:23:45.048] [WARN] http-connect - ::1 - - "GET /favicon.ico HTTP/1.1" 304 - "http://localhost:3003/rooms" "Mozilla/5.0 (Windows NT 6.3; WOW64) AppleWebKit/537.36 (KHTML, like Gecko) Chrome/56.0.2924.87 Safari/537.36"
[2017-04-03 20:23:47.650] [WARN] http-connect - ::1 - - "GET /rooms HTTP/1.1" 304 - "" "Mozilla/5.0 (Windows NT 6.3; WOW64) AppleWebKit/537.36 (KHTML, like Gecko) Chrome/56.0.2924.87 Safari/537.36"
[2017-04-03 20:23:48.197] [WARN] http-connect - ::1 - - "GET /favicon.ico HTTP/1.1" 304 - "http://localhost:3003/rooms" "Mozilla/5.0 (Windows NT 6.3; WOW64) AppleWebKit/537.36 (KHTML, like Gecko) Chrome/56.0.2924.87 Safari/537.36"
[2017-04-03 20:25:15.816] [WARN] http-connect - ::1 - - "GET /rooms HTTP/1.1" 304 - "" "Mozilla/5.0 (Windows NT 6.3; WOW64) AppleWebKit/537.36 (KHTML, like Gecko) Chrome/56.0.2924.87 Safari/537.36"
[2017-04-03 20:25:16.411] [WARN] http-connect - ::1 - - "GET /favicon.ico HTTP/1.1" 304 - "http://localhost:3003/rooms" "Mozilla/5.0 (Windows NT 6.3; WOW64) AppleWebKit/537.36 (KHTML, like Gecko) Chrome/56.0.2924.87 Safari/537.36"
[2017-04-03 20:25:17.214] [WARN] http-connect - ::1 - - "GET /favicon.ico HTTP/1.1" 304 - "http://localhost:3003/room/58e23ca04a08f237242aa27d" "Mozilla/5.0 (Windows NT 6.3; WOW64) AppleWebKit/537.36 (KHTML, like Gecko) Chrome/56.0.2924.87 Safari/537.36"
[2017-04-03 20:25:54.067] [WARN] http-connect - ::1 - - "GET /favicon.ico HTTP/1.1" 304 - "http://localhost:3003/rooms" "Mozilla/5.0 (Windows NT 6.3; WOW64) AppleWebKit/537.36 (KHTML, like Gecko) Chrome/56.0.2924.87 Safari/537.36"
[2017-04-03 20:25:54.927] [WARN] http-connect - ::1 - - "GET /rooms HTTP/1.1" 304 - "" "Mozilla/5.0 (Windows NT 6.3; WOW64) AppleWebKit/537.36 (KHTML, like Gecko) Chrome/56.0.2924.87 Safari/537.36"
[2017-04-03 20:25:55.610] [WARN] http-connect - ::1 - - "GET /favicon.ico HTTP/1.1" 304 - "http://localhost:3003/rooms" "Mozilla/5.0 (Windows NT 6.3; WOW64) AppleWebKit/537.36 (KHTML, like Gecko) Chrome/56.0.2924.87 Safari/537.36"
[2017-04-03 20:26:01.134] [WARN] http-connect - ::1 - - "GET /favicon.ico HTTP/1.1" 304 - "http://localhost:3003/room/58e23ca04a08f237242aa27d" "Mozilla/5.0 (Windows NT 6.3; WOW64) AppleWebKit/537.36 (KHTML, like Gecko) Chrome/56.0.2924.87 Safari/537.36"
[2017-04-03 20:27:56.573] [WARN] http-connect - ::1 - - "GET /favicon.ico HTTP/1.1" 304 - "http://localhost:3003/rooms" "Mozilla/5.0 (Windows NT 6.3; WOW64) AppleWebKit/537.36 (KHTML, like Gecko) Chrome/56.0.2924.87 Safari/537.36"
[2017-04-03 20:27:57.636] [WARN] http-connect - ::1 - - "GET /rooms HTTP/1.1" 304 - "" "Mozilla/5.0 (Windows NT 6.3; WOW64) AppleWebKit/537.36 (KHTML, like Gecko) Chrome/56.0.2924.87 Safari/537.36"
[2017-04-03 20:27:58.375] [WARN] http-connect - ::1 - - "GET /favicon.ico HTTP/1.1" 304 - "http://localhost:3003/rooms" "Mozilla/5.0 (Windows NT 6.3; WOW64) AppleWebKit/537.36 (KHTML, like Gecko) Chrome/56.0.2924.87 Safari/537.36"
[2017-04-03 20:28:00.197] [WARN] http-connect - ::1 - - "GET /favicon.ico HTTP/1.1" 304 - "http://localhost:3003/room/58e23ca04a08f237242aa27d" "Mozilla/5.0 (Windows NT 6.3; WOW64) AppleWebKit/537.36 (KHTML, like Gecko) Chrome/56.0.2924.87 Safari/537.36"
[2017-04-03 20:29:33.096] [WARN] http-connect - ::1 - - "GET /favicon.ico HTTP/1.1" 304 - "http://localhost:3003/rooms" "Mozilla/5.0 (Windows NT 6.3; WOW64) AppleWebKit/537.36 (KHTML, like Gecko) Chrome/56.0.2924.87 Safari/537.36"
[2017-04-03 20:29:33.928] [WARN] http-connect - ::1 - - "GET /favicon.ico HTTP/1.1" 304 - "http://localhost:3003/room/58e23ca04a08f237242aa27d" "Mozilla/5.0 (Windows NT 6.3; WOW64) AppleWebKit/537.36 (KHTML, like Gecko) Chrome/56.0.2924.87 Safari/537.36"
[2017-04-03 20:29:35.202] [WARN] http-connect - ::1 - - "GET /favicon.ico HTTP/1.1" 304 - "http://localhost:3003/rooms" "Mozilla/5.0 (Windows NT 6.3; WOW64) AppleWebKit/537.36 (KHTML, like Gecko) Chrome/56.0.2924.87 Safari/537.36"
[2017-04-03 20:29:35.635] [WARN] http-connect - ::1 - - "GET /rooms HTTP/1.1" 304 - "" "Mozilla/5.0 (Windows NT 6.3; WOW64) AppleWebKit/537.36 (KHTML, like Gecko) Chrome/56.0.2924.87 Safari/537.36"
[2017-04-03 20:29:36.310] [WARN] http-connect - ::1 - - "GET /favicon.ico HTTP/1.1" 304 - "http://localhost:3003/rooms" "Mozilla/5.0 (Windows NT 6.3; WOW64) AppleWebKit/537.36 (KHTML, like Gecko) Chrome/56.0.2924.87 Safari/537.36"
[2017-04-03 20:29:36.995] [WARN] http-connect - ::1 - - "GET /favicon.ico HTTP/1.1" 304 - "http://localhost:3003/room/58e23ca04a08f237242aa27d" "Mozilla/5.0 (Windows NT 6.3; WOW64) AppleWebKit/537.36 (KHTML, like Gecko) Chrome/56.0.2924.87 Safari/537.36"
[2017-04-03 20:30:58.445] [WARN] http-connect - ::1 - - "GET /favicon.ico HTTP/1.1" 304 - "http://localhost:3003/rooms" "Mozilla/5.0 (Windows NT 6.3; WOW64) AppleWebKit/537.36 (KHTML, like Gecko) Chrome/56.0.2924.87 Safari/537.36"
[2017-04-03 20:30:59.467] [WARN] http-connect - ::1 - - "GET /rooms HTTP/1.1" 304 - "" "Mozilla/5.0 (Windows NT 6.3; WOW64) AppleWebKit/537.36 (KHTML, like Gecko) Chrome/56.0.2924.87 Safari/537.36"
[2017-04-03 20:31:00.214] [WARN] http-connect - ::1 - - "GET /favicon.ico HTTP/1.1" 304 - "http://localhost:3003/rooms" "Mozilla/5.0 (Windows NT 6.3; WOW64) AppleWebKit/537.36 (KHTML, like Gecko) Chrome/56.0.2924.87 Safari/537.36"
[2017-04-03 20:31:00.938] [WARN] http-connect - ::1 - - "GET /favicon.ico HTTP/1.1" 304 - "http://localhost:3003/room/58e23ca04a08f237242aa27d" "Mozilla/5.0 (Windows NT 6.3; WOW64) AppleWebKit/537.36 (KHTML, like Gecko) Chrome/56.0.2924.87 Safari/537.36"
[2017-04-03 20:32:11.868] [WARN] http-connect - ::1 - - "GET /favicon.ico HTTP/1.1" 304 - "http://localhost:3003/rooms" "Mozilla/5.0 (Windows NT 6.3; WOW64) AppleWebKit/537.36 (KHTML, like Gecko) Chrome/56.0.2924.87 Safari/537.36"
[2017-04-03 20:32:13.179] [WARN] http-connect - ::1 - - "GET /rooms HTTP/1.1" 304 - "" "Mozilla/5.0 (Windows NT 6.3; WOW64) AppleWebKit/537.36 (KHTML, like Gecko) Chrome/56.0.2924.87 Safari/537.36"
[2017-04-03 20:32:13.867] [WARN] http-connect - ::1 - - "GET /favicon.ico HTTP/1.1" 304 - "http://localhost:3003/rooms" "Mozilla/5.0 (Windows NT 6.3; WOW64) AppleWebKit/537.36 (KHTML, like Gecko) Chrome/56.0.2924.87 Safari/537.36"
[2017-04-03 20:34:54.492] [WARN] http-connect - ::1 - - "GET /rooms HTTP/1.1" 304 - "" "Mozilla/5.0 (Windows NT 6.3; WOW64) AppleWebKit/537.36 (KHTML, like Gecko) Chrome/56.0.2924.87 Safari/537.36"
[2017-04-03 20:34:55.164] [WARN] http-connect - ::1 - - "GET /favicon.ico HTTP/1.1" 304 - "http://localhost:3003/rooms" "Mozilla/5.0 (Windows NT 6.3; WOW64) AppleWebKit/537.36 (KHTML, like Gecko) Chrome/56.0.2924.87 Safari/537.36"
[2017-04-03 20:34:56.126] [WARN] http-connect - ::1 - - "GET /favicon.ico HTTP/1.1" 304 - "http://localhost:3003/room/58e23ca04a08f237242aa27d" "Mozilla/5.0 (Windows NT 6.3; WOW64) AppleWebKit/537.36 (KHTML, like Gecko) Chrome/56.0.2924.87 Safari/537.36"
[2017-04-03 20:36:56.149] [WARN] http-connect - ::1 - - "GET /favicon.ico HTTP/1.1" 304 - "http://localhost:3003/rooms" "Mozilla/5.0 (Windows NT 6.3; WOW64) AppleWebKit/537.36 (KHTML, like Gecko) Chrome/56.0.2924.87 Safari/537.36"
[2017-04-03 20:36:56.758] [WARN] http-connect - ::1 - - "GET /rooms HTTP/1.1" 304 - "" "Mozilla/5.0 (Windows NT 6.3; WOW64) AppleWebKit/537.36 (KHTML, like Gecko) Chrome/56.0.2924.87 Safari/537.36"
[2017-04-03 20:36:57.427] [WARN] http-connect - ::1 - - "GET /favicon.ico HTTP/1.1" 304 - "http://localhost:3003/rooms" "Mozilla/5.0 (Windows NT 6.3; WOW64) AppleWebKit/537.36 (KHTML, like Gecko) Chrome/56.0.2924.87 Safari/537.36"
[2017-04-03 20:39:04.262] [WARN] http-connect - ::1 - - "GET /rooms HTTP/1.1" 304 - "" "Mozilla/5.0 (Windows NT 6.3; WOW64) AppleWebKit/537.36 (KHTML, like Gecko) Chrome/56.0.2924.87 Safari/537.36"
[2017-04-03 20:39:05.147] [WARN] http-connect - ::1 - - "GET /favicon.ico HTTP/1.1" 304 - "http://localhost:3003/rooms" "Mozilla/5.0 (Windows NT 6.3; WOW64) AppleWebKit/537.36 (KHTML, like Gecko) Chrome/56.0.2924.87 Safari/537.36"
[2017-04-03 20:39:05.977] [WARN] http-connect - ::1 - - "GET /favicon.ico HTTP/1.1" 304 - "http://localhost:3003/room/58e23ca04a08f237242aa27d" "Mozilla/5.0 (Windows NT 6.3; WOW64) AppleWebKit/537.36 (KHTML, like Gecko) Chrome/56.0.2924.87 Safari/537.36"
[2017-04-03 20:39:59.744] [WARN] http-connect - ::1 - - "GET /favicon.ico HTTP/1.1" 304 - "http://localhost:3003/rooms" "Mozilla/5.0 (Windows NT 6.3; WOW64) AppleWebKit/537.36 (KHTML, like Gecko) Chrome/56.0.2924.87 Safari/537.36"
[2017-04-03 20:40:00.918] [WARN] http-connect - ::1 - - "GET /rooms HTTP/1.1" 304 - "" "Mozilla/5.0 (Windows NT 6.3; WOW64) AppleWebKit/537.36 (KHTML, like Gecko) Chrome/56.0.2924.87 Safari/537.36"
[2017-04-03 20:40:01.908] [WARN] http-connect - ::1 - - "GET /favicon.ico HTTP/1.1" 304 - "http://localhost:3003/rooms" "Mozilla/5.0 (Windows NT 6.3; WOW64) AppleWebKit/537.36 (KHTML, like Gecko) Chrome/56.0.2924.87 Safari/537.36"
[2017-04-03 20:41:29.086] [WARN] http-connect - ::1 - - "GET /rooms HTTP/1.1" 304 - "" "Mozilla/5.0 (Windows NT 6.3; WOW64) AppleWebKit/537.36 (KHTML, like Gecko) Chrome/56.0.2924.87 Safari/537.36"
[2017-04-03 20:41:29.960] [WARN] http-connect - ::1 - - "GET /favicon.ico HTTP/1.1" 304 - "http://localhost:3003/rooms" "Mozilla/5.0 (Windows NT 6.3; WOW64) AppleWebKit/537.36 (KHTML, like Gecko) Chrome/56.0.2924.87 Safari/537.36"
[2017-04-03 20:41:30.638] [WARN] http-connect - ::1 - - "GET /favicon.ico HTTP/1.1" 304 - "http://localhost:3003/room/58e23ca04a08f237242aa27d" "Mozilla/5.0 (Windows NT 6.3; WOW64) AppleWebKit/537.36 (KHTML, like Gecko) Chrome/56.0.2924.87 Safari/537.36"
[2017-04-03 20:41:48.037] [WARN] http-connect - ::1 - - "GET /favicon.ico HTTP/1.1" 304 - "http://localhost:3003/rooms" "Mozilla/5.0 (Windows NT 6.3; WOW64) AppleWebKit/537.36 (KHTML, like Gecko) Chrome/56.0.2924.87 Safari/537.36"
[2017-04-03 20:41:49.320] [WARN] http-connect - ::1 - - "GET /rooms HTTP/1.1" 304 - "" "Mozilla/5.0 (Windows NT 6.3; WOW64) AppleWebKit/537.36 (KHTML, like Gecko) Chrome/56.0.2924.87 Safari/537.36"
[2017-04-03 20:41:50.216] [WARN] http-connect - ::1 - - "GET /favicon.ico HTTP/1.1" 304 - "http://localhost:3003/rooms" "Mozilla/5.0 (Windows NT 6.3; WOW64) AppleWebKit/537.36 (KHTML, like Gecko) Chrome/56.0.2924.87 Safari/537.36"
